2024-07-15 09:24:27,461 - log_requests - line:46 - INFO - rid=JA7ZN8 start request path=/apis/rank
2024-07-15 09:24:27,463 - log_requests - line:46 - INFO - rid=BTJ8S8 start request path=/apis/user/ownInfo
2024-07-15 09:24:28,202 - getOwnInfo - line:231 - DEBUG - ((15, 'Delicat', 'Zcj1234', 0),)
2024-07-15 09:24:28,697 - log_requests - line:53 - INFO - rid=BTJ8S8 completed_in=1234.42ms status_code=200
2024-07-15 09:24:28,698 - log_requests - line:46 - INFO - rid=AV59TW start request path=/apis/rank
2024-07-15 09:24:28,699 - log_requests - line:46 - INFO - rid=9M5KAN start request path=/apis/user/ownInfo
2024-07-15 09:24:28,700 - log_requests - line:53 - INFO - rid=JA7ZN8 completed_in=1237.86ms status_code=200
2024-07-15 09:24:29,438 - getOwnInfo - line:231 - DEBUG - ((15, 'Delicat', 'Zcj1234', 0),)
2024-07-15 09:24:29,440 - log_requests - line:53 - INFO - rid=9M5KAN completed_in=740.56ms status_code=200
2024-07-15 09:24:29,897 - log_requests - line:53 - INFO - rid=AV59TW completed_in=1198.40ms status_code=200
2024-07-15 09:24:35,131 - log_requests - line:46 - INFO - rid=Q19KHX start request path=/apis/getNovel/
2024-07-15 09:24:35,132 - log_requests - line:53 - INFO - rid=Q19KHX completed_in=0.66ms status_code=307
2024-07-15 09:24:35,467 - log_requests - line:46 - INFO - rid=XIVX6U start request path=/apis/getNovel
2024-07-15 09:24:36,228 - log_requests - line:53 - INFO - rid=XIVX6U completed_in=761.18ms status_code=200
2024-07-15 09:24:37,840 - log_requests - line:46 - INFO - rid=6E8ZTJ start request path=/apis/user/ownInfo
2024-07-15 09:24:38,517 - getOwnInfo - line:231 - DEBUG - ((15, 'Delicat', 'Zcj1234', 0),)
2024-07-15 09:24:38,519 - log_requests - line:53 - INFO - rid=6E8ZTJ completed_in=678.67ms status_code=200
2024-07-15 09:24:38,519 - log_requests - line:46 - INFO - rid=P3R7AD start request path=/apis/user/ownInfo
2024-07-15 09:24:39,190 - getOwnInfo - line:231 - DEBUG - ((15, 'Delicat', 'Zcj1234', 0),)
2024-07-15 09:24:39,192 - log_requests - line:53 - INFO - rid=P3R7AD completed_in=672.76ms status_code=200
2024-07-15 09:24:39,193 - log_requests - line:46 - INFO - rid=9NI1VZ start request path=/apis/rank
2024-07-15 09:24:39,619 - log_requests - line:53 - INFO - rid=9NI1VZ completed_in=426.62ms status_code=200
2024-07-15 09:24:41,995 - log_requests - line:46 - INFO - rid=ERAUY7 start request path=/apis/getNovel/
2024-07-15 09:24:41,996 - log_requests - line:53 - INFO - rid=ERAUY7 completed_in=0.57ms status_code=307
2024-07-15 09:24:42,347 - log_requests - line:46 - INFO - rid=2ZJYL0 start request path=/apis/getNovel
2024-07-15 09:24:43,149 - log_requests - line:53 - INFO - rid=2ZJYL0 completed_in=801.95ms status_code=200
2024-07-15 09:24:45,145 - log_requests - line:46 - INFO - rid=SR97GQ start request path=/apis/user/ownInfo
2024-07-15 09:24:45,858 - getOwnInfo - line:231 - DEBUG - ((15, 'Delicat', 'Zcj1234', 0),)
2024-07-15 09:24:45,860 - log_requests - line:53 - INFO - rid=SR97GQ completed_in=714.39ms status_code=200
2024-07-15 09:24:45,860 - log_requests - line:46 - INFO - rid=PX0NQT start request path=/apis/rank
2024-07-15 09:24:45,861 - log_requests - line:46 - INFO - rid=K4HMET start request path=/apis/user/ownInfo
2024-07-15 09:24:46,601 - getOwnInfo - line:231 - DEBUG - ((15, 'Delicat', 'Zcj1234', 0),)
2024-07-15 09:24:46,603 - log_requests - line:53 - INFO - rid=K4HMET completed_in=741.42ms status_code=200
2024-07-15 09:24:47,056 - log_requests - line:53 - INFO - rid=PX0NQT completed_in=1195.38ms status_code=200
2024-07-15 09:24:57,334 - log_requests - line:46 - INFO - rid=V15BRK start request path=/apis/login/
2024-07-15 09:24:57,334 - log_requests - line:53 - INFO - rid=V15BRK completed_in=0.55ms status_code=307
2024-07-15 09:24:57,697 - log_requests - line:46 - INFO - rid=KAQ256 start request path=/apis/login
2024-07-15 09:24:57,698 - callback - line:626 - DEBUG - Calling on_field_start with no data
2024-07-15 09:24:57,698 - callback - line:623 - DEBUG - Calling on_field_name with data[0:8]
2024-07-15 09:24:57,698 - callback - line:623 - DEBUG - Calling on_field_data with data[9:14]
2024-07-15 09:24:57,698 - callback - line:626 - DEBUG - Calling on_field_end with no data
2024-07-15 09:24:57,699 - callback - line:626 - DEBUG - Calling on_field_start with no data
2024-07-15 09:24:57,699 - callback - line:623 - DEBUG - Calling on_field_name with data[15:23]
2024-07-15 09:24:57,699 - callback - line:623 - DEBUG - Calling on_field_data with data[24:29]
2024-07-15 09:24:57,699 - callback - line:626 - DEBUG - Calling on_field_end with no data
2024-07-15 09:24:57,699 - callback - line:626 - DEBUG - Calling on_end with no data
2024-07-15 09:24:57,998 - log_requests - line:53 - INFO - rid=KAQ256 completed_in=300.69ms status_code=200
2024-07-15 09:25:01,915 - log_requests - line:46 - INFO - rid=U30VRZ start request path=/apis/admin/getNovel
2024-07-15 09:25:02,366 - log_requests - line:53 - INFO - rid=U30VRZ completed_in=450.66ms status_code=200
2024-07-15 09:25:05,796 - log_requests - line:46 - INFO - rid=TJADSS start request path=/apis/getNovel
2024-07-15 09:25:06,553 - log_requests - line:53 - INFO - rid=TJADSS completed_in=756.72ms status_code=200
2024-07-15 09:25:20,368 - log_requests - line:46 - INFO - rid=ZEGDBH start request path=/apis/user/ownInfo
2024-07-15 09:25:21,019 - getOwnInfo - line:231 - DEBUG - ((21, 'hou', 'hou', 0),)
2024-07-15 09:25:21,020 - log_requests - line:46 - INFO - rid=VIYG3N start request path=/apis/user/ownInfo
2024-07-15 09:25:21,021 - log_requests - line:53 - INFO - rid=ZEGDBH completed_in=652.49ms status_code=200
2024-07-15 09:25:21,714 - getOwnInfo - line:231 - DEBUG - ((21, 'hou', 'hou', 0),)
2024-07-15 09:25:21,714 - log_requests - line:46 - INFO - rid=V9TAEY start request path=/apis/rank
2024-07-15 09:25:21,716 - log_requests - line:53 - INFO - rid=VIYG3N completed_in=695.24ms status_code=200
2024-07-15 09:25:22,185 - log_requests - line:53 - INFO - rid=V9TAEY completed_in=470.42ms status_code=200
2024-07-15 09:25:27,766 - log_requests - line:46 - INFO - rid=SQIA8U start request path=/apis/rank
2024-07-15 09:25:28,225 - log_requests - line:53 - INFO - rid=SQIA8U completed_in=459.04ms status_code=200
2024-07-15 09:25:30,945 - log_requests - line:46 - INFO - rid=P0O7I5 start request path=/apis/user/ownInfo
2024-07-15 09:25:31,666 - getOwnInfo - line:231 - DEBUG - ((21, 'hou', 'hou', 0),)
2024-07-15 09:25:31,667 - log_requests - line:53 - INFO - rid=P0O7I5 completed_in=721.15ms status_code=200
2024-07-15 09:25:31,667 - log_requests - line:46 - INFO - rid=KM2S5P start request path=/apis/rank
2024-07-15 09:25:31,668 - log_requests - line:46 - INFO - rid=LDIPVO start request path=/apis/user/ownInfo
2024-07-15 09:25:32,373 - getOwnInfo - line:231 - DEBUG - ((21, 'hou', 'hou', 0),)
2024-07-15 09:25:32,374 - log_requests - line:53 - INFO - rid=LDIPVO completed_in=705.47ms status_code=200
2024-07-15 09:25:32,845 - log_requests - line:53 - INFO - rid=KM2S5P completed_in=1177.74ms status_code=200
2024-07-15 09:25:50,698 - log_requests - line:46 - INFO - rid=4QR5QT start request path=/apis/rank
2024-07-15 09:25:51,143 - log_requests - line:53 - INFO - rid=4QR5QT completed_in=445.22ms status_code=200
2024-07-15 09:25:55,591 - log_requests - line:46 - INFO - rid=T78QT5 start request path=/apis/user/ownInfo
2024-07-15 09:25:56,310 - getOwnInfo - line:231 - DEBUG - ((15, 'Delicat', 'Zcj1234', 0),)
2024-07-15 09:25:56,311 - log_requests - line:53 - INFO - rid=T78QT5 completed_in=720.63ms status_code=200
2024-07-15 09:25:56,312 - log_requests - line:46 - INFO - rid=NGV396 start request path=/apis/rank
2024-07-15 09:25:56,793 - log_requests - line:53 - INFO - rid=NGV396 completed_in=480.50ms status_code=200
2024-07-15 09:25:56,793 - log_requests - line:46 - INFO - rid=SNXO48 start request path=/apis/user/ownInfo
2024-07-15 09:25:57,510 - getOwnInfo - line:231 - DEBUG - ((15, 'Delicat', 'Zcj1234', 0),)
2024-07-15 09:25:57,512 - log_requests - line:53 - INFO - rid=SNXO48 completed_in=718.19ms status_code=200
2024-07-15 09:25:59,021 - log_requests - line:46 - INFO - rid=45IHMR start request path=/apis/getNovel/
2024-07-15 09:25:59,022 - log_requests - line:53 - INFO - rid=45IHMR completed_in=0.55ms status_code=307
2024-07-15 09:25:59,378 - log_requests - line:46 - INFO - rid=29SEDN start request path=/apis/getNovel
2024-07-15 09:26:00,180 - log_requests - line:53 - INFO - rid=29SEDN completed_in=800.83ms status_code=200
2024-07-15 09:26:00,180 - log_requests - line:46 - INFO - rid=V4QGCQ start request path=/apis/getNovel/
2024-07-15 09:26:00,181 - log_requests - line:53 - INFO - rid=V4QGCQ completed_in=0.80ms status_code=200
2024-07-15 09:26:00,686 - log_requests - line:46 - INFO - rid=IC7IDU start request path=/apis/getNovel/
2024-07-15 09:26:00,687 - log_requests - line:53 - INFO - rid=IC7IDU completed_in=0.54ms status_code=307
2024-07-15 09:26:01,247 - log_requests - line:46 - INFO - rid=27P5V9 start request path=/apis/getNovel
2024-07-15 09:26:01,247 - log_requests - line:53 - INFO - rid=27P5V9 completed_in=0.31ms status_code=200
2024-07-15 09:26:02,022 - log_requests - line:46 - INFO - rid=4KL73F start request path=/apis/getNovel
2024-07-15 09:26:02,873 - log_requests - line:53 - INFO - rid=4KL73F completed_in=850.67ms status_code=200
2024-07-15 09:26:03,183 - log_requests - line:46 - INFO - rid=ZZJOVL start request path=/apis/rank
2024-07-15 09:26:03,621 - log_requests - line:53 - INFO - rid=ZZJOVL completed_in=437.93ms status_code=200
2024-07-15 09:26:04,370 - log_requests - line:46 - INFO - rid=2I9HNE start request path=/apis/rank
2024-07-15 09:26:04,830 - log_requests - line:53 - INFO - rid=2I9HNE completed_in=459.62ms status_code=200
2024-07-15 09:26:07,741 - log_requests - line:46 - INFO - rid=NBZWB2 start request path=/apis/user/ownInfo
2024-07-15 09:26:07,742 - log_requests - line:53 - INFO - rid=NBZWB2 completed_in=0.32ms status_code=200
2024-07-15 09:26:07,745 - log_requests - line:46 - INFO - rid=7D07XX start request path=/apis/rank
2024-07-15 09:26:08,206 - log_requests - line:53 - INFO - rid=7D07XX completed_in=461.42ms status_code=200
2024-07-15 09:26:08,207 - log_requests - line:46 - INFO - rid=3MIFME start request path=/apis/user/ownInfo
2024-07-15 09:26:08,208 - log_requests - line:46 - INFO - rid=FHI2QZ start request path=/apis/user/ownInfo
2024-07-15 09:26:08,906 - getOwnInfo - line:231 - DEBUG - ((15, 'Delicat', 'Zcj1234', 0),)
2024-07-15 09:26:08,908 - log_requests - line:46 - INFO - rid=J9FPEE start request path=/apis/rank
2024-07-15 09:26:08,909 - log_requests - line:53 - INFO - rid=3MIFME completed_in=702.11ms status_code=200
2024-07-15 09:26:08,910 - log_requests - line:46 - INFO - rid=MIQMIT start request path=/apis/user/ownInfo
2024-07-15 09:26:08,911 - log_requests - line:53 - INFO - rid=FHI2QZ completed_in=703.28ms status_code=200
2024-07-15 09:26:09,570 - getOwnInfo - line:231 - DEBUG - ((15, 'Delicat', 'Zcj1234', 0),)
2024-07-15 09:26:09,572 - log_requests - line:46 - INFO - rid=5RB8DA start request path=/apis/user/ownInfo
2024-07-15 09:26:10,255 - getOwnInfo - line:231 - DEBUG - ((1, 'test', '123456Ab', 0),)
2024-07-15 09:26:10,256 - log_requests - line:53 - INFO - rid=MIQMIT completed_in=1346.27ms status_code=200
2024-07-15 09:26:10,762 - log_requests - line:53 - INFO - rid=5RB8DA completed_in=1189.42ms status_code=200
2024-07-15 09:26:10,762 - log_requests - line:46 - INFO - rid=K0JU3B start request path=/apis/rank
2024-07-15 09:26:10,764 - log_requests - line:53 - INFO - rid=J9FPEE completed_in=1855.57ms status_code=200
2024-07-15 09:26:11,254 - log_requests - line:53 - INFO - rid=K0JU3B completed_in=491.73ms status_code=200
2024-07-15 09:26:11,255 - log_requests - line:46 - INFO - rid=DY4NY3 start request path=/apis/user/ownInfo
2024-07-15 09:26:11,938 - getOwnInfo - line:231 - DEBUG - ((1, 'test', '123456Ab', 0),)
2024-07-15 09:26:11,939 - log_requests - line:53 - INFO - rid=DY4NY3 completed_in=684.04ms status_code=200
2024-07-15 09:26:27,182 - log_requests - line:46 - INFO - rid=VVMZEC start request path=/apis/rank
2024-07-15 09:26:27,643 - log_requests - line:53 - INFO - rid=VVMZEC completed_in=460.72ms status_code=200
2024-07-15 09:26:31,011 - log_requests - line:46 - INFO - rid=6KYVBE start request path=/apis/getNovel/
2024-07-15 09:26:31,012 - log_requests - line:53 - INFO - rid=6KYVBE completed_in=0.57ms status_code=307
2024-07-15 09:26:31,373 - log_requests - line:46 - INFO - rid=65OCOB start request path=/apis/getNovel
2024-07-15 09:26:32,159 - log_requests - line:53 - INFO - rid=65OCOB completed_in=785.90ms status_code=200
2024-07-15 09:26:38,699 - log_requests - line:46 - INFO - rid=CLZ9RL start request path=/apis/rank
2024-07-15 09:26:39,165 - log_requests - line:53 - INFO - rid=CLZ9RL completed_in=465.12ms status_code=200
2024-07-15 09:26:56,432 - log_requests - line:46 - INFO - rid=JAE6GY start request path=/apis/getNovel/
2024-07-15 09:26:56,433 - log_requests - line:53 - INFO - rid=JAE6GY completed_in=0.57ms status_code=307
2024-07-15 09:26:56,808 - log_requests - line:46 - INFO - rid=6O8GQQ start request path=/apis/getNovel
2024-07-15 09:26:57,575 - log_requests - line:53 - INFO - rid=6O8GQQ completed_in=766.26ms status_code=200
2024-07-15 09:28:48,858 - log_requests - line:46 - INFO - rid=BAZMHG start request path=/apis/register/
2024-07-15 09:28:48,859 - log_requests - line:53 - INFO - rid=BAZMHG completed_in=0.55ms status_code=307
2024-07-15 09:28:49,794 - log_requests - line:46 - INFO - rid=RP1O0L start request path=/apis/register
2024-07-15 09:28:50,110 - log_requests - line:53 - INFO - rid=RP1O0L completed_in=315.20ms status_code=200
2024-07-15 09:29:20,336 - log_requests - line:46 - INFO - rid=SRTIJX start request path=/apis/login/
2024-07-15 09:29:20,337 - log_requests - line:53 - INFO - rid=SRTIJX completed_in=0.55ms status_code=307
2024-07-15 09:29:20,399 - log_requests - line:46 - INFO - rid=8KTD4Z start request path=/apis/login
2024-07-15 09:29:20,400 - callback - line:626 - DEBUG - Calling on_field_start with no data
2024-07-15 09:29:20,400 - callback - line:623 - DEBUG - Calling on_field_name with data[0:8]
2024-07-15 09:29:20,400 - callback - line:623 - DEBUG - Calling on_field_data with data[9:12]
2024-07-15 09:29:20,400 - callback - line:626 - DEBUG - Calling on_field_end with no data
2024-07-15 09:29:20,400 - callback - line:626 - DEBUG - Calling on_field_start with no data
2024-07-15 09:29:20,400 - callback - line:623 - DEBUG - Calling on_field_name with data[13:21]
2024-07-15 09:29:20,401 - callback - line:623 - DEBUG - Calling on_field_data with data[22:25]
2024-07-15 09:29:20,401 - callback - line:626 - DEBUG - Calling on_field_end with no data
2024-07-15 09:29:20,401 - callback - line:626 - DEBUG - Calling on_end with no data
2024-07-15 09:29:20,704 - log_requests - line:53 - INFO - rid=8KTD4Z completed_in=304.58ms status_code=200
2024-07-15 09:29:20,790 - log_requests - line:46 - INFO - rid=Z84THR start request path=/apis/user/ownInfo
2024-07-15 09:29:20,791 - log_requests - line:53 - INFO - rid=Z84THR completed_in=0.29ms status_code=200
2024-07-15 09:29:20,797 - log_requests - line:46 - INFO - rid=6BWSPR start request path=/apis/user/ownInfo
2024-07-15 09:29:20,797 - log_requests - line:46 - INFO - rid=BMFYDF start request path=/apis/rank
2024-07-15 09:29:20,798 - log_requests - line:53 - INFO - rid=6BWSPR completed_in=0.79ms status_code=200
2024-07-15 09:29:20,798 - log_requests - line:53 - INFO - rid=BMFYDF completed_in=0.81ms status_code=200
2024-07-15 09:29:20,850 - log_requests - line:46 - INFO - rid=AG00Z7 start request path=/apis/user/ownInfo
2024-07-15 09:29:21,581 - getOwnInfo - line:231 - DEBUG - ((21, 'hou', 'hou', 0),)
2024-07-15 09:29:21,582 - log_requests - line:53 - INFO - rid=AG00Z7 completed_in=731.93ms status_code=200
2024-07-15 09:29:21,583 - log_requests - line:46 - INFO - rid=58BFR4 start request path=/apis/rank
2024-07-15 09:29:21,584 - log_requests - line:46 - INFO - rid=Z1T3KX start request path=/apis/user/ownInfo
2024-07-15 09:29:22,294 - getOwnInfo - line:231 - DEBUG - ((21, 'hou', 'hou', 0),)
2024-07-15 09:29:22,295 - log_requests - line:53 - INFO - rid=Z1T3KX completed_in=711.22ms status_code=200
2024-07-15 09:29:22,817 - log_requests - line:53 - INFO - rid=58BFR4 completed_in=1233.85ms status_code=200
2024-07-15 09:29:24,151 - log_requests - line:46 - INFO - rid=E9PQL8 start request path=/apis/getNovel/
2024-07-15 09:29:24,152 - log_requests - line:53 - INFO - rid=E9PQL8 completed_in=0.30ms status_code=200
2024-07-15 09:29:24,207 - log_requests - line:46 - INFO - rid=WUS5ST start request path=/apis/getNovel/
2024-07-15 09:29:24,208 - log_requests - line:53 - INFO - rid=WUS5ST completed_in=0.56ms status_code=307
2024-07-15 09:29:24,271 - log_requests - line:46 - INFO - rid=WDBIBP start request path=/apis/getNovel
2024-07-15 09:29:24,272 - log_requests - line:53 - INFO - rid=WDBIBP completed_in=0.31ms status_code=200
2024-07-15 09:29:24,327 - log_requests - line:46 - INFO - rid=NS2WHP start request path=/apis/getNovel
2024-07-15 09:29:25,107 - log_requests - line:53 - INFO - rid=NS2WHP completed_in=779.88ms status_code=200
2024-07-15 09:29:28,792 - log_requests - line:46 - INFO - rid=V1VL2R start request path=/apis/user/ownInfo
2024-07-15 09:29:29,471 - getOwnInfo - line:231 - DEBUG - ((21, 'hou', 'hou', 0),)
2024-07-15 09:29:29,472 - log_requests - line:53 - INFO - rid=V1VL2R completed_in=680.03ms status_code=200
2024-07-15 09:29:29,473 - log_requests - line:46 - INFO - rid=0ZNDLF start request path=/apis/rank
2024-07-15 09:29:29,474 - log_requests - line:46 - INFO - rid=2D47R7 start request path=/apis/user/ownInfo
2024-07-15 09:29:30,240 - getOwnInfo - line:231 - DEBUG - ((21, 'hou', 'hou', 0),)
2024-07-15 09:29:30,241 - log_requests - line:53 - INFO - rid=2D47R7 completed_in=767.55ms status_code=200
2024-07-15 09:29:30,714 - log_requests - line:53 - INFO - rid=0ZNDLF completed_in=1241.37ms status_code=200
2024-07-15 09:29:32,360 - log_requests - line:46 - INFO - rid=T3WGOB start request path=/apis/getNovel/
2024-07-15 09:29:32,360 - log_requests - line:53 - INFO - rid=T3WGOB completed_in=0.57ms status_code=307
2024-07-15 09:29:32,430 - log_requests - line:46 - INFO - rid=3PQOKA start request path=/apis/getNovel
2024-07-15 09:29:33,275 - log_requests - line:53 - INFO - rid=3PQOKA completed_in=844.79ms status_code=200
